Using pre-set license
Built from '2021.3/staging' branch; Version is '2021.3.15f1 (e8e88683f834) revision 15263878'; Using compiler version '192829333'; Build Type 'Release'
OS: 'Windows 10  (10.0.19045) 64bit Professional' Language: 'es' Physical Memory: 7639 MB
BatchMode: 1, IsHumanControllingUs: 0, StartBugReporterOnCrash: 0, Is64bit: 1, IsPro: 1

COMMAND LINE ARGUMENTS:
C:\Program Files\Unity\Hub\Editor\2021.3.15f1\Editor\Unity.exe
-adb2
-batchMode
-noUpm
-name
AssetImportWorker0
-projectPath
C:/Users/User/War For The Briefcase
-logFile
Logs/AssetImportWorker0.log
-srvPort
63879
Successfully changed project path to: C:/Users/User/War For The Briefcase
C:/Users/User/War For The Briefcase
[UnityMemory] Configuration Parameters - Can be set up in boot.config
    "memorysetup-bucket-allocator-granularity=16"
    "memorysetup-bucket-allocator-bucket-count=8"
    "memorysetup-bucket-allocator-block-size=33554432"
    "memorysetup-bucket-allocator-block-count=8"
    "memorysetup-main-allocator-block-size=16777216"
    "memorysetup-thread-allocator-block-size=16777216"
    "memorysetup-gfx-main-allocator-block-size=16777216"
    "memorysetup-gfx-thread-allocator-block-size=16777216"
    "memorysetup-cache-allocator-block-size=4194304"
    "memorysetup-typetree-allocator-block-size=2097152"
    "memorysetup-profiler-bucket-allocator-granularity=16"
    "memorysetup-profiler-bucket-allocator-bucket-count=8"
    "memorysetup-profiler-bucket-allocator-block-size=33554432"
    "memorysetup-profiler-bucket-allocator-block-count=8"
    "memorysetup-profiler-allocator-block-size=16777216"
    "memorysetup-profiler-editor-allocator-block-size=1048576"
    "memorysetup-temp-allocator-size-main=16777216"
    "memorysetup-job-temp-allocator-block-size=2097152"
    "memorysetup-job-temp-allocator-block-size-background=1048576"
    "memorysetup-job-temp-allocator-reduction-small-platforms=262144"
    "memorysetup-temp-allocator-size-background-worker=32768"
    "memorysetup-temp-allocator-size-job-worker=262144"
    "memorysetup-temp-allocator-size-preload-manager=33554432"
    "memorysetup-temp-allocator-size-nav-mesh-worker=65536"
    "memorysetup-temp-allocator-size-audio-worker=65536"
    "memorysetup-temp-allocator-size-cloud-worker=32768"
    "memorysetup-temp-allocator-size-gi-baking-worker=262144"
    "memorysetup-temp-allocator-size-gfx=262144"
Player connection [12112] Host "[IP] 192.168.100.185 [Port] 0 [Flags] 2 [Guid] 3657612865 [EditorId] 3657612865 [Version] 1048832 [Id] WindowsEditor(7,54e1ad75c82d) [Debug] 1 [PackageName] WindowsEditor [ProjectName] Editor" joined multi-casting on [225.0.0.222:54997]...

Player connection [12112] Host "[IP] 192.168.100.185 [Port] 0 [Flags] 2 [Guid] 3657612865 [EditorId] 3657612865 [Version] 1048832 [Id] WindowsEditor(7,54e1ad75c82d) [Debug] 1 [PackageName] WindowsEditor [ProjectName] Editor" joined alternative multi-casting on [225.0.0.222:34997]...

Refreshing native plugins compatible for Editor in 394.48 ms, found 3 plugins.
Preloading 0 native plugins for Editor in 0.00 ms.
Initialize engine version: 2021.3.15f1 (e8e88683f834)
[Subsystems] Discovering subsystems at path C:/Program Files/Unity/Hub/Editor/2021.3.15f1/Editor/Data/Resources/UnitySubsystems
[Subsystems] Discovering subsystems at path C:/Users/User/War For The Briefcase/Assets
GfxDevice: creating device client; threaded=0; jobified=0
Direct3D:
    Version:  Direct3D 11.0 [level 11.1]
    Renderer: Intel(R) HD Graphics 620 (ID=0x5916)
    Vendor:   Intel
    VRAM:     3819 MB
    Driver:   30.0.100.9865
Initialize mono
Mono path[0] = 'C:/Program Files/Unity/Hub/Editor/2021.3.15f1/Editor/Data/Managed'
Mono path[1] = 'C:/Program Files/Unity/Hub/Editor/2021.3.15f1/Editor/Data/MonoBleedingEdge/lib/mono/unityjit-win32'
Mono config path = 'C:/Program Files/Unity/Hub/Editor/2021.3.15f1/Editor/Data/MonoBleedingEdge/etc'
Using monoOptions --debugger-agent=transport=dt_socket,embedding=1,server=y,suspend=n,address=127.0.0.1:56384
Begin MonoManager ReloadAssembly
Registering precompiled unity dll's ...
Register platform support module: C:/Program Files/Unity/Hub/Editor/2021.3.15f1/Editor/Data/PlaybackEngines/WebGLSupport/UnityEditor.WebGL.Extensions.dll
Register platform support module: C:/Program Files/Unity/Hub/Editor/2021.3.15f1/Editor/Data/PlaybackEngines/WindowsStandaloneSupport/UnityEditor.WindowsStandalone.Extensions.dll
Registered in 0.019586 seconds.
Native extension for WindowsStandalone target not found
Native extension for WebGL target not found
Refreshing native plugins compatible for Editor in 329.26 ms, found 3 plugins.
Preloading 0 native plugins for Editor in 0.00 ms.
Mono: successfully reloaded assembly
- Completed reload, in  2.115 seconds
Domain Reload Profiling:
	ReloadAssembly (2116ms)
		BeginReloadAssembly (256ms)
			ExecutionOrderSort (0ms)
			DisableScriptedObjects (0ms)
			BackupInstance (0ms)
			ReleaseScriptingObjects (0ms)
			CreateAndSetChildDomain (3ms)
		EndReloadAssembly (1569ms)
			LoadAssemblies (249ms)
			RebuildTransferFunctionScriptingTraits (0ms)
			SetupTypeCache (341ms)
			ReleaseScriptCaches (0ms)
			RebuildScriptCaches (96ms)
			SetupLoadedEditorAssemblies (981ms)
				LogAssemblyErrors (0ms)
				InitializePlatformSupportModulesInManaged (26ms)
				SetLoadedEditorAssemblies (1ms)
				RefreshPlugins (329ms)
				BeforeProcessingInitializeOnLoad (5ms)
				ProcessInitializeOnLoadAttributes (492ms)
				ProcessInitializeOnLoadMethodAttributes (128ms)
				AfterProcessingInitializeOnLoad (0ms)
				EditorAssembliesLoaded (0ms)
			ExecutionOrderSort2 (0ms)
			AwakeInstancesAfterBackupRestoration (0ms)
Platform modules already initialized, skipping
Registering precompiled user dll's ...
Registered in 0.028886 seconds.
Begin MonoManager ReloadAssembly
Symbol file LoadedFromMemory doesn't match image C:\Users\User\War For The Briefcase\Library\PackageCache\com.unity.visualscripting@1.7.8\Editor\VisualScripting.Core\Dependencies\YamlDotNet\Unity.VisualScripting.YamlDotNet.dll
Symbol file LoadedFromMemory doesn't match image C:\Users\User\War For The Briefcase\Library\PackageCache\com.unity.visualscripting@1.7.8\Editor\VisualScripting.Core\Dependencies\DotNetZip\Unity.VisualScripting.IonicZip.dll
Native extension for WindowsStandalone target not found
Native extension for WebGL target not found
Refreshing native plugins compatible for Editor in 0.72 ms, found 3 plugins.
Preloading 0 native plugins for Editor in 0.00 ms.
Mono: successfully reloaded assembly
- Completed reload, in  2.651 seconds
Domain Reload Profiling:
	ReloadAssembly (2653ms)
		BeginReloadAssembly (292ms)
			ExecutionOrderSort (0ms)
			DisableScriptedObjects (18ms)
			BackupInstance (0ms)
			ReleaseScriptingObjects (0ms)
			CreateAndSetChildDomain (44ms)
		EndReloadAssembly (2084ms)
			LoadAssemblies (197ms)
			RebuildTransferFunctionScriptingTraits (0ms)
			SetupTypeCache (739ms)
			ReleaseScriptCaches (1ms)
			RebuildScriptCaches (108ms)
			SetupLoadedEditorAssemblies (979ms)
				LogAssemblyErrors (0ms)
				InitializePlatformSupportModulesInManaged (16ms)
				SetLoadedEditorAssemblies (1ms)
				RefreshPlugins (1ms)
				BeforeProcessingInitializeOnLoad (198ms)
				ProcessInitializeOnLoadAttributes (683ms)
				ProcessInitializeOnLoadMethodAttributes (59ms)
				AfterProcessingInitializeOnLoad (20ms)
				EditorAssembliesLoaded (0ms)
			ExecutionOrderSort2 (0ms)
			AwakeInstancesAfterBackupRestoration (13ms)
Platform modules already initialized, skipping
========================================================================
Worker process is ready to serve import requests
Launched and connected shader compiler UnityShaderCompiler.exe after 0.11 seconds
Refreshing native plugins compatible for Editor in 0.72 ms, found 3 plugins.
Preloading 0 native plugins for Editor in 0.00 ms.
Unloading 3383 Unused Serialized files (Serialized files now loaded: 0)
Unloading 27 unused Assets / (113.5 KB). Loaded Objects now: 3841.
Memory consumption went from 118.2 MB to 118.1 MB.
Total: 6.129200 ms (FindLiveObjects: 0.356200 ms CreateObjectMapping: 0.354500 ms MarkObjects: 5.257600 ms  DeleteObjects: 0.159600 ms)

AssetImportParameters requested are different than current active one (requested -> active):
  custom:video-decoder-ogg-theora: a1e56fd34408186e4bbccfd4996cb3dc -> 
  custom:container-muxer-webm: aa71ff27fc2769a1b78a27578f13a17b -> 
  custom:container-demuxer-webm: 4f35f7cbe854078d1ac9338744f61a02 -> 
  custom:video-encoder-webm-vp8: eb34c28f22e8b96e1ab97ce403110664 -> 
  custom:audio-encoder-webm-vorbis: bf7c407c2cedff20999df2af8eb42d56 -> 
  custom:framework-win-MediaFoundation: 216162199b28c13a410421893ffa2e32 -> 
  custom:container-demuxer-ogg: 62fdf1f143b41e24485cea50d1cbac27 -> 
  custom:video-decoder-webm-vp8: 9c59270c3fd7afecdb556c50c9e8de78 -> 
  custom:audio-decoder-ogg-vorbis: bf7c407c2cedff20999df2af8eb42d56 -> 
========================================================================
Received Import Request.
  Time since last request: 2523960.409141 seconds.
  path: Assets/Art/Animations
  artifactKey: Guid(1b8fd42521b886342af551bbb701cc8f) Importer(815301076,1909f56bfc062723c751e8b465ee728b)
Start importing Assets/Art/Animations using Guid(1b8fd42521b886342af551bbb701cc8f) Importer(815301076,1909f56bfc062723c751e8b465ee728b)  -> (artifact id: '0e7474f4f7b927c1b4c42147d719dfd3') in 0.018381 seconds 
========================================================================
Received Import Request.
  Time since last request: 1.639852 seconds.
  path: Assets/Art
  artifactKey: Guid(92879a6841e57ee4b9a5ac6f53570ff1) Importer(815301076,1909f56bfc062723c751e8b465ee728b)
Start importing Assets/Art using Guid(92879a6841e57ee4b9a5ac6f53570ff1) Importer(815301076,1909f56bfc062723c751e8b465ee728b)  -> (artifact id: '5375ab6abc08761b551cdaf368005652') in 0.026575 seconds 
========================================================================
Received Import Request.
  Time since last request: 10.384384 seconds.
  path: Assets/Art/Models
  artifactKey: Guid(397ecf8cc18c8db42862647e6eae64d9) Importer(815301076,1909f56bfc062723c751e8b465ee728b)
Start importing Assets/Art/Models using Guid(397ecf8cc18c8db42862647e6eae64d9) Importer(815301076,1909f56bfc062723c751e8b465ee728b)  -> (artifact id: '8a129e07af3991079a43d8074420864d') in 0.010253 seconds 
========================================================================
Received Import Request.
  Time since last request: 40.821518 seconds.
  path: Assets/Art/PostProcessingProfiles
  artifactKey: Guid(497ab0782bc607147ac0fecc4110436b) Importer(815301076,1909f56bfc062723c751e8b465ee728b)
Start importing Assets/Art/PostProcessingProfiles using Guid(497ab0782bc607147ac0fecc4110436b) Importer(815301076,1909f56bfc062723c751e8b465ee728b)  -> (artifact id: '87a0a4f80e08d5ca9a533d807df4a20f') in 0.010943 seconds 
========================================================================
Received Import Request.
  Time since last request: 11.739894 seconds.
  path: Assets/Art/Prefabs
  artifactKey: Guid(0fd2b79ae244e644d891a337c8879de3) Importer(815301076,1909f56bfc062723c751e8b465ee728b)
Start importing Assets/Art/Prefabs using Guid(0fd2b79ae244e644d891a337c8879de3) Importer(815301076,1909f56bfc062723c751e8b465ee728b)  -> (artifact id: 'e8b742bd2a348746424238c6dc9bc65d') in 0.019410 seconds 
========================================================================
Received Import Request.
  Time since last request: 14.885069 seconds.
  path: Assets/Art/Shaders
  artifactKey: Guid(3ab134652100daf43b6cb7068a65cfaf) Importer(815301076,1909f56bfc062723c751e8b465ee728b)
Start importing Assets/Art/Shaders using Guid(3ab134652100daf43b6cb7068a65cfaf) Importer(815301076,1909f56bfc062723c751e8b465ee728b)  -> (artifact id: '572e0ebd815e51278a63a192c2c61f36') in 0.010598 seconds 
========================================================================
Received Import Request.
  Time since last request: 14.174666 seconds.
  path: Assets/Art/Textures
  artifactKey: Guid(6c48ebc58f1d7504f9d9ec11c5d11ed2) Importer(815301076,1909f56bfc062723c751e8b465ee728b)
Start importing Assets/Art/Textures using Guid(6c48ebc58f1d7504f9d9ec11c5d11ed2) Importer(815301076,1909f56bfc062723c751e8b465ee728b)  -> (artifact id: '597e6175fb091bc237c97e77ab6dda75') in 0.010266 seconds 
========================================================================
Received Import Request.
  Time since last request: 18.411608 seconds.
  path: Assets
  artifactKey: Guid(00000000000000001000000000000000) Importer(815301076,1909f56bfc062723c751e8b465ee728b)
Start importing Assets using Guid(00000000000000001000000000000000) Importer(815301076,1909f56bfc062723c751e8b465ee728b)  -> (artifact id: '79842766b460edbeab6a34051e857a80') in 0.040002 seconds 
========================================================================
Received Import Request.
  Time since last request: 7.902301 seconds.
  path: Assets/Audio
  artifactKey: Guid(5b822244ea86534498527a3b330308cb) Importer(815301076,1909f56bfc062723c751e8b465ee728b)
Start importing Assets/Audio using Guid(5b822244ea86534498527a3b330308cb) Importer(815301076,1909f56bfc062723c751e8b465ee728b)  -> (artifact id: '06580569cb5d46eca8a62ffd90044f75') in 0.014674 seconds 
========================================================================
Received Import Request.
  Time since last request: 11.093713 seconds.
  path: Assets/Audio/BGM
  artifactKey: Guid(20734ac892d9f5d429565815f8daf0ab) Importer(815301076,1909f56bfc062723c751e8b465ee728b)
Start importing Assets/Audio/BGM using Guid(20734ac892d9f5d429565815f8daf0ab) Importer(815301076,1909f56bfc062723c751e8b465ee728b)  -> (artifact id: 'a14ac058e5d7bdb360d153806415b215') in 0.015257 seconds 
========================================================================
Received Import Request.
  Time since last request: 12.153386 seconds.
  path: Assets/Audio/SFX
  artifactKey: Guid(c047595c755cd074990752797a9867dc) Importer(815301076,1909f56bfc062723c751e8b465ee728b)
Start importing Assets/Audio/SFX using Guid(c047595c755cd074990752797a9867dc) Importer(815301076,1909f56bfc062723c751e8b465ee728b)  -> (artifact id: 'ba1217970a268e80848e15350eeb032d') in 0.009433 seconds 
========================================================================
Received Import Request.
  Time since last request: 36.316897 seconds.
  path: Assets/Art/New Folder
  artifactKey: Guid(b8a892bf11909f44294eb80eae281c62) Importer(815301076,1909f56bfc062723c751e8b465ee728b)
Start importing Assets/Art/New Folder using Guid(b8a892bf11909f44294eb80eae281c62) Importer(815301076,1909f56bfc062723c751e8b465ee728b)  -> (artifact id: 'eaa374e3f342590d916d26ca2d804ce6') in 0.021108 seconds 
========================================================================
Received Import Request.
  Time since last request: 16.026699 seconds.
  path: Assets/Data
  artifactKey: Guid(304872b07fd566e4fb489dd9341b8c1e) Importer(815301076,1909f56bfc062723c751e8b465ee728b)
Start importing Assets/Data using Guid(304872b07fd566e4fb489dd9341b8c1e) Importer(815301076,1909f56bfc062723c751e8b465ee728b)  -> (artifact id: '0440c543dea123b7a00541dd0e05c744') in 0.011238 seconds 
========================================================================
Received Import Request.
  Time since last request: 33.970087 seconds.
  path: Assets/Data/PhysicMaterials
  artifactKey: Guid(1298750bdb9c4d84eb7865b1070ba974) Importer(815301076,1909f56bfc062723c751e8b465ee728b)
Start importing Assets/Data/PhysicMaterials using Guid(1298750bdb9c4d84eb7865b1070ba974) Importer(815301076,1909f56bfc062723c751e8b465ee728b)  -> (artifact id: 'ca512176d737fbdf8ad91d3cb66b2454') in 0.010467 seconds 
========================================================================
Received Import Request.
  Time since last request: 20.916179 seconds.
  path: Assets/Prefab
  artifactKey: Guid(bb64c0a772aeb884ebdac24c1a5d37d0) Importer(815301076,1909f56bfc062723c751e8b465ee728b)
Start importing Assets/Prefab using Guid(bb64c0a772aeb884ebdac24c1a5d37d0) Importer(815301076,1909f56bfc062723c751e8b465ee728b)  -> (artifact id: '41b38359870e76c140dc920a8563a435') in 0.043005 seconds 
========================================================================
Received Import Request.
  Time since last request: 18.973745 seconds.
  path: Assets/Prefab/Player.prefab
  artifactKey: Guid(a4251d41f00756d488ae526725ba5794) Importer(815301076,1909f56bfc062723c751e8b465ee728b)
Start importing Assets/Prefab/Player.prefab using Guid(a4251d41f00756d488ae526725ba5794) Importer(815301076,1909f56bfc062723c751e8b465ee728b)  -> (artifact id: 'f219d609bdeaef405de80943861f2f3f') in 0.319227 seconds 
========================================================================
Received Import Request.
  Time since last request: 2.439455 seconds.
  path: Assets/Prefab/Primitives.prefab
  artifactKey: Guid(279bc387d929b1f44bd12c15dd32d181) Importer(815301076,1909f56bfc062723c751e8b465ee728b)
Start importing Assets/Prefab/Primitives.prefab using Guid(279bc387d929b1f44bd12c15dd32d181) Importer(815301076,1909f56bfc062723c751e8b465ee728b)  -> (artifact id: '40ad26e53a24f34bfaba5a68182a280a') in 0.079846 seconds 
========================================================================
Received Import Request.
  Time since last request: 0.947208 seconds.
  path: Assets/Prefab/Point.prefab
  artifactKey: Guid(4c2394ffb678da147ab278679f5859dd) Importer(815301076,1909f56bfc062723c751e8b465ee728b)
Start importing Assets/Prefab/Point.prefab using Guid(4c2394ffb678da147ab278679f5859dd) Importer(815301076,1909f56bfc062723c751e8b465ee728b)  -> (artifact id: 'ef2dedb21db656e5274d1a6e54030f38') in 0.072026 seconds 
